  main.cpp
c:\users\braulio\documents\git\cgeihc-proyecto-teo\proyectofinal\proyectofinal\main.cpp(11): warning C4005: '_CRT_SECURE_NO_WARNINGS': redefinición de macro
  c:\users\braulio\documents\git\cgeihc-proyecto-teo\proyectofinal\proyectofinal\main.cpp: note: vea la definición anterior de '_CRT_SECURE_NO_WARNINGS'
c:\program files (x86)\windows kits\10\include\10.0.17763.0\shared\minwindef.h(130): warning C4005: 'APIENTRY': redefinición de macro
  c:\users\braulio\documents\git\cgeihc-proyecto-teo\proyectofinal\proyectofinal\include\glfw3.h(98): note: vea la definición anterior de 'APIENTRY'
c:\users\braulio\documents\git\cgeihc-proyecto-teo\proyectofinal\proyectofinal\camera.h(75): warning C4305: 'inicializando': truncamiento de 'double' a 'float'
c:\users\braulio\documents\git\cgeihc-proyecto-teo\proyectofinal\proyectofinal\musica.h(17): warning C4244: 'argumento': conversión de 'int' a 'T'; posible pérdida de datos
          with
          [
              T=irrklang::ik_f32
          ]
c:\users\braulio\documents\git\cgeihc-proyecto-teo\proyectofinal\proyectofinal\musica.h(42): warning C4244: 'argumento': conversión de 'int' a 'T'; posible pérdida de datos
          with
          [
              T=irrklang::ik_f32
          ]
c:\users\braulio\documents\git\cgeihc-proyecto-teo\proyectofinal\proyectofinal\musica.h(65): warning C4244: 'argumento': conversión de 'int' a 'T'; posible pérdida de datos
          with
          [
              T=irrklang::ik_f32
          ]
c:\users\braulio\documents\git\cgeihc-proyecto-teo\proyectofinal\proyectofinal\init.h(221): warning C4244: 'argumento': conversión de 'double' a 'float'; posible pérdida de datos
c:\users\braulio\documents\git\cgeihc-proyecto-teo\proyectofinal\proyectofinal\init.h(228): warning C4244: 'argumento': conversión de 'double' a 'float'; posible pérdida de datos
c:\users\braulio\documents\git\cgeihc-proyecto-teo\proyectofinal\proyectofinal\init.h(240): warning C4244: 'argumento': conversión de 'double' a 'float'; posible pérdida de datos
c:\users\braulio\documents\git\cgeihc-proyecto-teo\proyectofinal\proyectofinal\main.cpp(33): warning C4018: '<': no coinciden signed/unsigned
c:\users\braulio\documents\git\cgeihc-proyecto-teo\proyectofinal\proyectofinal\musica.h(38): warning C4715: 'musicaFondoCarpa': no todas las rutas de acceso de control devuelven un valor
c:\users\braulio\documents\git\cgeihc-proyecto-teo\proyectofinal\proyectofinal\musica.h(62): warning C4715: 'efectoActo1': no todas las rutas de acceso de control devuelven un valor
c:\users\braulio\documents\git\cgeihc-proyecto-teo\proyectofinal\proyectofinal\musica.h(87): warning C4715: 'efectoActo2': no todas las rutas de acceso de control devuelven un valor
  ProyectoFinal.vcxproj -> C:\Users\Braulio\Documents\Git\CGEIHC-PROYECTO-TEO\ProyectoFinal\Debug\ProyectoFinal.exe
